<?xml version="1.0" encoding="UTF-8"?>
<testng-results skipped="0" failed="1" total="1" passed="0">
  <reporter-output>
  </reporter-output>
  <suite name="testclass.RunTest" duration-ms="257" started-at="2021-07-19T09:05:53Z" finished-at="2021-07-19T09:05:53Z">
    <groups>
    </groups>
    <test name="Command line test" duration-ms="257" started-at="2021-07-19T09:05:53Z" finished-at="2021-07-19T09:05:53Z">
      <class name="testclass.RunTest">
        <test-method status="FAIL" signature="testsample()[pri:0, instance:testclass.RunTest@5ebec15]" name="testsample" duration-ms="238" started-at="2021-07-19T14:35:53Z" finished-at="2021-07-19T14:35:53Z">
          <exception class="java.lang.ExceptionInInitializerError">
            <full-stacktrace>
              <![CDATA[java.lang.ExceptionInInitializerError
	at pageclass.BaseClass.getWebUrl(BaseClass.java:20)
	at testclass.RunTest.testsample(RunTest.java:18)
	at sun.reflect.NativeMethodAccessorImpl.invoke0(Native Method)
	at sun.reflect.NativeMethodAccessorImpl.invoke(NativeMethodAccessorImpl.java:62)
	at sun.reflect.DelegatingMethodAccessorImpl.invoke(DelegatingMethodAccessorImpl.java:43)
	at java.lang.reflect.Method.invoke(Method.java:498)
	at org.testng.internal.MethodInvocationHelper.invokeMethod(MethodInvocationHelper.java:80)
	at org.testng.internal.Invoker.invokeMethod(Invoker.java:714)
	at org.testng.internal.Invoker.invokeTestMethod(Invoker.java:901)
	at org.testng.internal.Invoker.invokeTestMethods(Invoker.java:1231)
	at org.testng.internal.TestMethodWorker.invokeTestMethods(TestMethodWorker.java:127)
	at org.testng.internal.TestMethodWorker.run(TestMethodWorker.java:111)
	at org.testng.TestRunner.privateRun(TestRunner.java:767)
	at org.testng.TestRunner.run(TestRunner.java:617)
	at org.testng.SuiteRunner.runTest(SuiteRunner.java:334)
	at org.testng.SuiteRunner.runSequentially(SuiteRunner.java:329)
	at org.testng.SuiteRunner.privateRun(SuiteRunner.java:291)
	at org.testng.SuiteRunner.run(SuiteRunner.java:240)
	at org.testng.SuiteRunnerWorker.runSuite(SuiteRunnerWorker.java:52)
	at org.testng.SuiteRunnerWorker.run(SuiteRunnerWorker.java:86)
	at org.testng.TestNG.runSuitesSequentially(TestNG.java:1198)
	at org.testng.TestNG.runSuitesLocally(TestNG.java:1123)
	at org.testng.TestNG.run(TestNG.java:1031)
	at org.apache.maven.surefire.testng.TestNGExecutor.run(TestNGExecutor.java:77)
	at org.apache.maven.surefire.testng.TestNGDirectoryTestSuite.execute(TestNGDirectoryTestSuite.java:110)
	at org.apache.maven.surefire.testng.TestNGProvider.invoke(TestNGProvider.java:106)
	at sun.reflect.NativeMethodAccessorImpl.invoke0(Native Method)
	at sun.reflect.NativeMethodAccessorImpl.invoke(NativeMethodAccessorImpl.java:62)
	at sun.reflect.DelegatingMethodAccessorImpl.invoke(DelegatingMethodAccessorImpl.java:43)
	at java.lang.reflect.Method.invoke(Method.java:498)
	at org.apache.maven.surefire.util.ReflectionUtils.invokeMethodWithArray(ReflectionUtils.java:189)
	at org.apache.maven.surefire.booter.ProviderFactory$ProviderProxy.invoke(ProviderFactory.java:165)
	at org.apache.maven.surefire.booter.ProviderFactory.invokeProvider(ProviderFactory.java:85)
	at org.apache.maven.surefire.booter.ForkedBooter.runSuitesInProcess(ForkedBooter.java:115)
	at org.apache.maven.surefire.booter.ForkedBooter.main(ForkedBooter.java:75)
Caused by: java.lang.UnsupportedOperationException: Can't convert 'C:\Users\bi050\eclipse-workspace_new1\METests\src\main\java\pageclass\prod.properties' to a valid URI
	at org.aeonbits.owner.Util.unsupported(Util.java:124)
	at org.aeonbits.owner.PropertiesManager.toURIs(PropertiesManager.java:134)
	at org.aeonbits.owner.PropertiesManager.<init>(PropertiesManager.java:105)
	at org.aeonbits.owner.DefaultFactory.create(DefaultFactory.java:43)
	at org.aeonbits.owner.ConfigFactory.create(ConfigFactory.java:66)
	at pageclass.WebConfig.<clinit>(WebConfig.java:15)
	... 35 more
Caused by: java.net.URISyntaxException: Illegal character in opaque part at index 2: C:\Users\bi050\eclipse-workspace_new1\METests\src\main\java\pageclass\prod.properties
	at java.net.URI$Parser.fail(URI.java:2848)
	at java.net.URI$Parser.checkChars(URI.java:3021)
	at java.net.URI$Parser.parse(URI.java:3058)
	at java.net.URI.<init>(URI.java:588)
	at org.aeonbits.owner.ConfigURIFactory.newURI(ConfigURIFactory.java:39)
	at org.aeonbits.owner.PropertiesManager.toURIs(PropertiesManager.java:130)
	... 39 more
]]>
            </full-stacktrace>
          </exception> <!-- java.lang.ExceptionInInitializerError -->
          <reporter-output>
          </reporter-output>
        </test-method> <!-- testsample -->
      </class> <!-- testclass.RunTest -->
    </test> <!-- Command line test -->
  </suite> <!-- testclass.RunTest -->
</testng-results>
